c:\users\administrator\desktop\socket\socket\socketserver\release\socketserver.pch
c:\users\administrator\desktop\socket\socket\socketserver\release\vc120.pdb
c:\users\administrator\desktop\socket\socket\socketserver\release\stdafx.obj
c:\users\administrator\desktop\socket\socket\socketserver\release\threadx.obj
c:\users\administrator\desktop\socket\socket\socketserver\release\socketserver.obj
c:\users\administrator\desktop\socket\socket\release\socketserver.exe
c:\users\administrator\desktop\socket\socket\release\socketserver.pdb
c:\users\sjtu\desktop\一个服务器多个客户端测试\socket\socket\socketserver\release\socketserver.obj
c:\users\sjtu\desktop\一个服务器多个客户端测试\socket\socket\socketserver\release\stdafx.obj
c:\users\sjtu\desktop\一个服务器多个客户端测试\socket\socket\socketserver\release\threadx.obj
c:\users\sjtu\desktop\一个服务器多个客户端测试\socket\socket\socketserver\release\socketserver.pch
c:\users\sjtu\desktop\一个服务器多个客户端测试\socket\socket\socketserver\release\vc120.pdb
c:\users\sjtu\desktop\一个服务器多个客户端测试\socket\socket\release\socketserver.pdb
c:\users\sjtu\desktop\一个服务器多个客户端测试\socket\socket\release\socketserver.exe
c:\users\sjtu\desktop\一个服务器多个客户端测试\socket\socket\socketserver\release\socketserver.tlog\cl.command.1.tlog
c:\users\sjtu\desktop\一个服务器多个客户端测试\socket\socket\socketserver\release\socketserver.tlog\cl.read.1.tlog
c:\users\sjtu\desktop\一个服务器多个客户端测试\socket\socket\socketserver\release\socketserver.tlog\cl.write.1.tlog
c:\users\sjtu\desktop\一个服务器多个客户端测试\socket\socket\socketserver\release\socketserver.tlog\link.command.1.tlog
c:\users\sjtu\desktop\一个服务器多个客户端测试\socket\socket\socketserver\release\socketserver.tlog\link.read.1.tlog
c:\users\sjtu\desktop\一个服务器多个客户端测试\socket\socket\socketserver\release\socketserver.tlog\link.write.1.tlog
