生成启动时间为 2018/5/25 13:43:11。
     1>项目“H:\A通讯\socket\socketclient\socketclient.vcxproj”在节点 2 上(Build 个目标)。
     1>ClCompile:
         C:\Program Files (x86)\Microsoft Visual Studio 12.0\VC\bin\CL.exe /c /ZI /nologo /W3 /WX- /sdl /Od /Oy- /D WIN32 /D _DEBUG /D _CONSOLE /D _LIB /D _UNICODE /D UNICODE /Gm /EHsc /RTC1 /MDd /GS /fp:precise /Zc:wchar_t /Zc:forScope /Yc"stdafx.h" /Fp"Debug\socketclient.pch" /Fo"Debug\\" /Fd"Debug\vc120.pdb" /Gd /TP /analyze- /errorReport:prompt stdafx.cpp
         stdafx.cpp
         C:\Program Files (x86)\Microsoft Visual Studio 12.0\VC\bin\CL.exe /c /ZI /nologo /W3 /WX- /sdl /Od /Oy- /D WIN32 /D _DEBUG /D _CONSOLE /D _LIB /D _UNICODE /D UNICODE /Gm /EHsc /RTC1 /MDd /GS /fp:precise /Zc:wchar_t /Zc:forScope /Fo"Debug\\" /Fd"Debug\vc120.pdb" /Gd /TP /analyze- /errorReport:prompt MFSM.cpp
         MFSM.cpp
     1>h:\a通讯\socket\socketclient\mfsm.cpp(13): warning C4244: “参数”: 从“double”转换到“size_t”，可能丢失数据
     1>h:\a通讯\socket\socketclient\mfsm.cpp(17): warning C4244: “参数”: 从“double”转换到“size_t”，可能丢失数据
     1>h:\a通讯\socket\socketclient\mfsm.cpp(327): warning C4172: 返回局部变量或临时变量的地址
         C:\Program Files (x86)\Microsoft Visual Studio 12.0\VC\bin\CL.exe /c /ZI /nologo /W3 /WX- /sdl /Od /Oy- /D WIN32 /D _DEBUG /D _CONSOLE /D _LIB /D _UNICODE /D UNICODE /Gm /EHsc /RTC1 /MDd /GS /fp:precise /Zc:wchar_t /Zc:forScope /Yu"stdafx.h" /Fp"Debug\socketclient.pch" /Fo"Debug\\" /Fd"Debug\vc120.pdb" /Gd /TP /analyze- /errorReport:prompt socketclient.cpp
         socketclient.cpp
     1>h:\a通讯\socket\socketclient\socketclient.cpp(200): warning C4018: “<”: 有符号/无符号不匹配
     1>h:\a通讯\socket\socketclient\socketclient.cpp(208): warning C4018: “<”: 有符号/无符号不匹配
     1>h:\a通讯\socket\socketclient\socketclient.cpp(233): warning C4018: “<”: 有符号/无符号不匹配
     1>h:\a通讯\socket\socketclient\socketclient.cpp(259): warning C4018: “<”: 有符号/无符号不匹配
     1>h:\a通讯\socket\socketclient\socketclient.cpp(289): warning C4018: “<”: 有符号/无符号不匹配
     1>h:\a通讯\socket\socketclient\socketclient.cpp(344): warning C4018: “<”: 有符号/无符号不匹配
     1>h:\a通讯\socket\socketclient\socketclient.cpp(379): warning C4018: “<”: 有符号/无符号不匹配
     1>h:\a通讯\socket\socketclient\socketclient.cpp(415): warning C4018: “<”: 有符号/无符号不匹配
     1>h:\a通讯\socket\socketclient\socketclient.cpp(451): warning C4018: “<”: 有符号/无符号不匹配
     1>h:\a通讯\socket\socketclient\socketclient.cpp(487): warning C4018: “<”: 有符号/无符号不匹配
     1>h:\a通讯\socket\socketclient\socketclient.cpp(523): warning C4018: “<”: 有符号/无符号不匹配
     1>h:\a通讯\socket\socketclient\socketclient.cpp(559): warning C4018: “<”: 有符号/无符号不匹配
       Link:
         C:\Program Files (x86)\Microsoft Visual Studio 12.0\VC\bin\link.exe /ERRORREPORT:PROMPT /OUT:"H:\A通讯\socket\Debug\socketclient.exe" /INCREMENTAL /NOLOGO kernel32.lib user32.lib gdi32.lib winspool.lib comdlg32.lib advapi32.lib shell32.lib ole32.lib oleaut32.lib uuid.lib odbc32.lib odbccp32.lib /MANIFEST /MANIFESTUAC:"level='asInvoker' uiAccess='false'" /manifest:embed /DEBUG /PDB:"H:\A通讯\socket\Debug\socketclient.pdb" /SUBSYSTEM:CONSOLE /TLBID:1 /DYNAMICBASE /NXCOMPAT /IMPLIB:"H:\A通讯\socket\Debug\socketclient.lib" /MACHINE:X86 Debug\MFSM.obj
         Debug\socketclient.obj
         Debug\stdafx.obj
         socketclient.vcxproj -> H:\A通讯\socket\Debug\socketclient.exe
     1>已完成生成项目“H:\A通讯\socket\socketclient\socketclient.vcxproj”(Build 个目标)的操作。

生成成功。

已用时间 00:00:25.80
